[0219/151934.591:ERROR:process_reader_win.cc(123)] NtOpenThread: {Access Denied} A process has requested access to an object, but has not been granted those access rights. (0xc0000022)
[0219/151934.593:ERROR:exception_snapshot_win.cc(98)] thread ID 7928 not found in process
[0219/151934.729:ERROR:process_reader_win.cc(123)] NtOpenThread: {Access Denied} A process has requested access to an object, but has not been granted those access rights. (0xc0000022)
[0219/151934.729:ERROR:exception_snapshot_win.cc(98)] thread ID 9616 not found in process
[0219/151934.874:ERROR:process_reader_win.cc(123)] NtOpenThread: {Access Denied} A process has requested access to an object, but has not been granted those access rights. (0xc0000022)
[0219/151934.874:ERROR:exception_snapshot_win.cc(98)] thread ID 8260 not found in process
[0219/151935.019:ERROR:process_reader_win.cc(123)] NtOpenThread: {Access Denied} A process has requested access to an object, but has not been granted those access rights. (0xc0000022)
[0219/151935.019:ERROR:exception_snapshot_win.cc(98)] thread ID 4620 not found in process
[0219/151935.226:ERROR:process_reader_win.cc(123)] NtOpenThread: {Access Denied} A process has requested access to an object, but has not been granted those access rights. (0xc0000022)
[0219/151935.226:ERROR:exception_snapshot_win.cc(98)] thread ID 10004 not found in process
[0219/151935.384:ERROR:process_reader_win.cc(123)] NtOpenThread: {Access Denied} A process has requested access to an object, but has not been granted those access rights. (0xc0000022)
[0219/151935.384:ERROR:exception_snapshot_win.cc(98)] thread ID 8396 not found in process
[0219/152007.805:ERROR:process_reader_win.cc(123)] NtOpenThread: {Access Denied} A process has requested access to an object, but has not been granted those access rights. (0xc0000022)
[0219/152007.805:ERROR:exception_snapshot_win.cc(98)] thread ID 9604 not found in process
[0219/152007.952:ERROR:process_reader_win.cc(123)] NtOpenThread: {Access Denied} A process has requested access to an object, but has not been granted those access rights. (0xc0000022)
[0219/152007.952:ERROR:exception_snapshot_win.cc(98)] thread ID 8108 not found in process
[0219/152008.078:ERROR:process_reader_win.cc(123)] NtOpenThread: {Access Denied} A process has requested access to an object, but has not been granted those access rights. (0xc0000022)
[0219/152008.078:ERROR:exception_snapshot_win.cc(98)] thread ID 5480 not found in process
[0219/152008.205:ERROR:process_reader_win.cc(123)] NtOpenThread: {Access Denied} A process has requested access to an object, but has not been granted those access rights. (0xc0000022)
[0219/152008.205:ERROR:exception_snapshot_win.cc(98)] thread ID 7252 not found in process
[0219/152008.339:ERROR:process_reader_win.cc(123)] NtOpenThread: {Access Denied} A process has requested access to an object, but has not been granted those access rights. (0xc0000022)
[0219/152008.339:ERROR:exception_snapshot_win.cc(98)] thread ID 7100 not found in process
[0219/152008.516:ERROR:process_reader_win.cc(123)] NtOpenThread: {Access Denied} A process has requested access to an object, but has not been granted those access rights. (0xc0000022)
[0219/152008.516:ERROR:exception_snapshot_win.cc(98)] thread ID 1368 not found in process
[0219/152303.779:ERROR:process_reader_win.cc(123)] NtOpenThread: {Access Denied} A process has requested access to an object, but has not been granted those access rights. (0xc0000022)
[0219/152303.780:ERROR:exception_snapshot_win.cc(98)] thread ID 8552 not found in process
[0219/152303.930:ERROR:process_reader_win.cc(123)] NtOpenThread: {Access Denied} A process has requested access to an object, but has not been granted those access rights. (0xc0000022)
[0219/152303.931:ERROR:exception_snapshot_win.cc(98)] thread ID 6900 not found in process
[0219/152304.070:ERROR:process_reader_win.cc(123)] NtOpenThread: {Access Denied} A process has requested access to an object, but has not been granted those access rights. (0xc0000022)
[0219/152304.070:ERROR:exception_snapshot_win.cc(98)] thread ID 9832 not found in process
[0219/152304.205:ERROR:process_reader_win.cc(123)] NtOpenThread: {Access Denied} A process has requested access to an object, but has not been granted those access rights. (0xc0000022)
[0219/152304.205:ERROR:exception_snapshot_win.cc(98)] thread ID 1272 not found in process
[0219/152304.361:ERROR:process_reader_win.cc(123)] NtOpenThread: {Access Denied} A process has requested access to an object, but has not been granted those access rights. (0xc0000022)
[0219/152304.361:ERROR:exception_snapshot_win.cc(98)] thread ID 10192 not found in process
[0219/152304.520:ERROR:process_reader_win.cc(123)] NtOpenThread: {Access Denied} A process has requested access to an object, but has not been granted those access rights. (0xc0000022)
[0219/152304.520:ERROR:exception_snapshot_win.cc(98)] thread ID 4244 not found in process
[0219/152304.671:ERROR:process_reader_win.cc(123)] NtOpenThread: {Access Denied} A process has requested access to an object, but has not been granted those access rights. (0xc0000022)
[0219/152304.671:ERROR:exception_snapshot_win.cc(98)] thread ID 7992 not found in process
[0219/152304.825:ERROR:process_reader_win.cc(123)] NtOpenThread: {Access Denied} A process has requested access to an object, but has not been granted those access rights. (0xc0000022)
[0219/152304.826:ERROR:exception_snapshot_win.cc(98)] thread ID 3772 not found in process
[0219/152305.010:ERROR:process_reader_win.cc(123)] NtOpenThread: {Access Denied} A process has requested access to an object, but has not been granted those access rights. (0xc0000022)
[0219/152305.010:ERROR:exception_snapshot_win.cc(98)] thread ID 3848 not found in process
[0219/152305.183:ERROR:process_reader_win.cc(123)] NtOpenThread: {Access Denied} A process has requested access to an object, but has not been granted those access rights. (0xc0000022)
[0219/152305.183:ERROR:exception_snapshot_win.cc(98)] thread ID 5272 not found in process
[0219/152305.347:ERROR:process_reader_win.cc(123)] NtOpenThread: {Access Denied} A process has requested access to an object, but has not been granted those access rights. (0xc0000022)
[0219/152305.347:ERROR:exception_snapshot_win.cc(98)] thread ID 6176 not found in process
[0219/152305.538:ERROR:process_reader_win.cc(123)] NtOpenThread: {Access Denied} A process has requested access to an object, but has not been granted those access rights. (0xc0000022)
[0219/152305.538:ERROR:exception_snapshot_win.cc(98)] thread ID 9200 not found in process
[0219/152305.719:ERROR:process_reader_win.cc(123)] NtOpenThread: {Access Denied} A process has requested access to an object, but has not been granted those access rights. (0xc0000022)
[0219/152305.719:ERROR:exception_snapshot_win.cc(98)] thread ID 4564 not found in process
[0219/152430.162:ERROR:process_reader_win.cc(123)] NtOpenThread: {Access Denied} A process has requested access to an object, but has not been granted those access rights. (0xc0000022)
[0219/152430.163:ERROR:exception_snapshot_win.cc(98)] thread ID 7860 not found in process
[0219/152430.294:ERROR:process_reader_win.cc(123)] NtOpenThread: {Access Denied} A process has requested access to an object, but has not been granted those access rights. (0xc0000022)
[0219/152430.294:ERROR:exception_snapshot_win.cc(98)] thread ID 5968 not found in process
[0219/152430.450:ERROR:process_reader_win.cc(123)] NtOpenThread: {Access Denied} A process has requested access to an object, but has not been granted those access rights. (0xc0000022)
[0219/152430.450:ERROR:exception_snapshot_win.cc(98)] thread ID 2236 not found in process
[0219/152430.589:ERROR:process_reader_win.cc(123)] NtOpenThread: {Access Denied} A process has requested access to an object, but has not been granted those access rights. (0xc0000022)
[0219/152430.589:ERROR:exception_snapshot_win.cc(98)] thread ID 2260 not found in process
[0219/152430.737:ERROR:process_reader_win.cc(123)] NtOpenThread: {Access Denied} A process has requested access to an object, but has not been granted those access rights. (0xc0000022)
[0219/152430.737:ERROR:exception_snapshot_win.cc(98)] thread ID 4624 not found in process
[0219/152430.876:ERROR:process_reader_win.cc(123)] NtOpenThread: {Access Denied} A process has requested access to an object, but has not been granted those access rights. (0xc0000022)
[0219/152430.877:ERROR:exception_snapshot_win.cc(98)] thread ID 10088 not found in process
[0219/152431.042:ERROR:process_reader_win.cc(123)] NtOpenThread: {Access Denied} A process has requested access to an object, but has not been granted those access rights. (0xc0000022)
[0219/152431.042:ERROR:exception_snapshot_win.cc(98)] thread ID 6468 not found in process
[0219/152431.192:ERROR:process_reader_win.cc(123)] NtOpenThread: {Access Denied} A process has requested access to an object, but has not been granted those access rights. (0xc0000022)
[0219/152431.193:ERROR:exception_snapshot_win.cc(98)] thread ID 7524 not found in process
[0219/152431.329:ERROR:process_reader_win.cc(123)] NtOpenThread: {Access Denied} A process has requested access to an object, but has not been granted those access rights. (0xc0000022)
[0219/152431.329:ERROR:exception_snapshot_win.cc(98)] thread ID 10192 not found in process
[0219/152431.491:ERROR:process_reader_win.cc(123)] NtOpenThread: {Access Denied} A process has requested access to an object, but has not been granted those access rights. (0xc0000022)
[0219/152431.492:ERROR:exception_snapshot_win.cc(98)] thread ID 6988 not found in process
[0219/152431.775:ERROR:process_reader_win.cc(123)] NtOpenThread: {Access Denied} A process has requested access to an object, but has not been granted those access rights. (0xc0000022)
[0219/152431.775:ERROR:exception_snapshot_win.cc(98)] thread ID 6272 not found in process
[0219/152431.965:ERROR:process_reader_win.cc(123)] NtOpenThread: {Access Denied} A process has requested access to an object, but has not been granted those access rights. (0xc0000022)
[0219/152431.965:ERROR:exception_snapshot_win.cc(98)] thread ID 1064 not found in process
[0219/152846.726:ERROR:process_reader_win.cc(123)] NtOpenThread: {Access Denied} A process has requested access to an object, but has not been granted those access rights. (0xc0000022)
[0219/152846.727:ERROR:exception_snapshot_win.cc(98)] thread ID 9288 not found in process
[0219/152846.862:ERROR:process_reader_win.cc(123)] NtOpenThread: {Access Denied} A process has requested access to an object, but has not been granted those access rights. (0xc0000022)
[0219/152846.862:ERROR:exception_snapshot_win.cc(98)] thread ID 6288 not found in process
[0219/152846.995:ERROR:process_reader_win.cc(123)] NtOpenThread: {Access Denied} A process has requested access to an object, but has not been granted those access rights. (0xc0000022)
[0219/152846.995:ERROR:exception_snapshot_win.cc(98)] thread ID 9368 not found in process
[0219/152847.149:ERROR:process_reader_win.cc(123)] NtOpenThread: {Access Denied} A process has requested access to an object, but has not been granted those access rights. (0xc0000022)
[0219/152847.149:ERROR:exception_snapshot_win.cc(98)] thread ID 2964 not found in process
[0219/152847.301:ERROR:process_reader_win.cc(123)] NtOpenThread: {Access Denied} A process has requested access to an object, but has not been granted those access rights. (0xc0000022)
[0219/152847.301:ERROR:exception_snapshot_win.cc(98)] thread ID 8616 not found in process
[0219/152847.470:ERROR:process_reader_win.cc(123)] NtOpenThread: {Access Denied} A process has requested access to an object, but has not been granted those access rights. (0xc0000022)
[0219/152847.471:ERROR:exception_snapshot_win.cc(98)] thread ID 1528 not found in process
[0219/152847.653:ERROR:process_reader_win.cc(123)] NtOpenThread: {Access Denied} A process has requested access to an object, but has not been granted those access rights. (0xc0000022)
[0219/152847.653:ERROR:exception_snapshot_win.cc(98)] thread ID 6472 not found in process
[0219/152940.723:ERROR:process_reader_win.cc(123)] NtOpenThread: {Access Denied} A process has requested access to an object, but has not been granted those access rights. (0xc0000022)
[0219/152940.723:ERROR:exception_snapshot_win.cc(98)] thread ID 2116 not found in process
[0219/152940.869:ERROR:process_reader_win.cc(123)] NtOpenThread: {Access Denied} A process has requested access to an object, but has not been granted those access rights. (0xc0000022)
[0219/152940.869:ERROR:exception_snapshot_win.cc(98)] thread ID 4356 not found in process
[0219/152941.023:ERROR:process_reader_win.cc(123)] NtOpenThread: {Access Denied} A process has requested access to an object, but has not been granted those access rights. (0xc0000022)
[0219/152941.023:ERROR:exception_snapshot_win.cc(98)] thread ID 6440 not found in process
[0219/152941.153:ERROR:process_reader_win.cc(123)] NtOpenThread: {Access Denied} A process has requested access to an object, but has not been granted those access rights. (0xc0000022)
[0219/152941.153:ERROR:exception_snapshot_win.cc(98)] thread ID 6944 not found in process
[0219/152941.303:ERROR:process_reader_win.cc(123)] NtOpenThread: {Access Denied} A process has requested access to an object, but has not been granted those access rights. (0xc0000022)
[0219/152941.304:ERROR:exception_snapshot_win.cc(98)] thread ID 3964 not found in process
[0219/152941.461:ERROR:process_reader_win.cc(123)] NtOpenThread: {Access Denied} A process has requested access to an object, but has not been granted those access rights. (0xc0000022)
[0219/152941.461:ERROR:exception_snapshot_win.cc(98)] thread ID 9456 not found in process
[0219/153016.321:ERROR:process_reader_win.cc(123)] NtOpenThread: {Access Denied} A process has requested access to an object, but has not been granted those access rights. (0xc0000022)
[0219/153016.321:ERROR:exception_snapshot_win.cc(98)] thread ID 3088 not found in process
[0219/153016.456:ERROR:process_reader_win.cc(123)] NtOpenThread: {Access Denied} A process has requested access to an object, but has not been granted those access rights. (0xc0000022)
[0219/153016.456:ERROR:exception_snapshot_win.cc(98)] thread ID 5808 not found in process
[0219/153016.582:ERROR:process_reader_win.cc(123)] NtOpenThread: {Access Denied} A process has requested access to an object, but has not been granted those access rights. (0xc0000022)
[0219/153016.582:ERROR:exception_snapshot_win.cc(98)] thread ID 10208 not found in process
[0219/153016.710:ERROR:process_reader_win.cc(123)] NtOpenThread: {Access Denied} A process has requested access to an object, but has not been granted those access rights. (0xc0000022)
[0219/153016.710:ERROR:exception_snapshot_win.cc(98)] thread ID 9736 not found in process
[0219/153016.846:ERROR:process_reader_win.cc(123)] NtOpenThread: {Access Denied} A process has requested access to an object, but has not been granted those access rights. (0xc0000022)
[0219/153016.846:ERROR:exception_snapshot_win.cc(98)] thread ID 8264 not found in process
[0219/153017.043:ERROR:process_reader_win.cc(123)] NtOpenThread: {Access Denied} A process has requested access to an object, but has not been granted those access rights. (0xc0000022)
[0219/153017.043:ERROR:exception_snapshot_win.cc(98)] thread ID 8176 not found in process
[0219/161147.590:ERROR:process_reader_win.cc(123)] NtOpenThread: {Access Denied} A process has requested access to an object, but has not been granted those access rights. (0xc0000022)
[0219/161147.590:ERROR:exception_snapshot_win.cc(98)] thread ID 5792 not found in process
[0219/161147.733:ERROR:process_reader_win.cc(123)] NtOpenThread: {Access Denied} A process has requested access to an object, but has not been granted those access rights. (0xc0000022)
[0219/161147.733:ERROR:exception_snapshot_win.cc(98)] thread ID 10332 not found in process
[0219/161147.882:ERROR:process_reader_win.cc(123)] NtOpenThread: {Access Denied} A process has requested access to an object, but has not been granted those access rights. (0xc0000022)
[0219/161147.882:ERROR:exception_snapshot_win.cc(98)] thread ID 6164 not found in process
[0219/161148.007:ERROR:process_reader_win.cc(123)] NtOpenThread: {Access Denied} A process has requested access to an object, but has not been granted those access rights. (0xc0000022)
[0219/161148.007:ERROR:exception_snapshot_win.cc(98)] thread ID 10344 not found in process
[0219/161148.143:ERROR:process_reader_win.cc(123)] NtOpenThread: {Access Denied} A process has requested access to an object, but has not been granted those access rights. (0xc0000022)
[0219/161148.143:ERROR:exception_snapshot_win.cc(98)] thread ID 10356 not found in process
[0219/161148.349:ERROR:process_reader_win.cc(123)] NtOpenThread: {Access Denied} A process has requested access to an object, but has not been granted those access rights. (0xc0000022)
[0219/161148.349:ERROR:exception_snapshot_win.cc(98)] thread ID 9100 not found in process
[0219/161306.209:ERROR:process_reader_win.cc(123)] NtOpenThread: {Access Denied} A process has requested access to an object, but has not been granted those access rights. (0xc0000022)
[0219/161306.210:ERROR:exception_snapshot_win.cc(98)] thread ID 10420 not found in process
[0219/161306.352:ERROR:process_reader_win.cc(123)] NtOpenThread: {Access Denied} A process has requested access to an object, but has not been granted those access rights. (0xc0000022)
[0219/161306.352:ERROR:exception_snapshot_win.cc(98)] thread ID 10428 not found in process
[0219/161306.478:ERROR:process_reader_win.cc(123)] NtOpenThread: {Access Denied} A process has requested access to an object, but has not been granted those access rights. (0xc0000022)
[0219/161306.478:ERROR:exception_snapshot_win.cc(98)] thread ID 1780 not found in process
[0219/161306.616:ERROR:process_reader_win.cc(123)] NtOpenThread: {Access Denied} A process has requested access to an object, but has not been granted those access rights. (0xc0000022)
[0219/161306.616:ERROR:exception_snapshot_win.cc(98)] thread ID 2620 not found in process
[0219/161306.768:ERROR:process_reader_win.cc(123)] NtOpenThread: {Access Denied} A process has requested access to an object, but has not been granted those access rights. (0xc0000022)
[0219/161306.768:ERROR:exception_snapshot_win.cc(98)] thread ID 1420 not found in process
[0219/161306.934:ERROR:process_reader_win.cc(123)] NtOpenThread: {Access Denied} A process has requested access to an object, but has not been granted those access rights. (0xc0000022)
[0219/161306.934:ERROR:exception_snapshot_win.cc(98)] thread ID 10068 not found in process
[0219/161359.089:ERROR:process_reader_win.cc(123)] NtOpenThread: {Access Denied} A process has requested access to an object, but has not been granted those access rights. (0xc0000022)
[0219/161359.090:ERROR:exception_snapshot_win.cc(98)] thread ID 5844 not found in process
[0219/161359.250:ERROR:process_reader_win.cc(123)] NtOpenThread: {Access Denied} A process has requested access to an object, but has not been granted those access rights. (0xc0000022)
[0219/161359.250:ERROR:exception_snapshot_win.cc(98)] thread ID 4428 not found in process
[0219/161359.422:ERROR:process_reader_win.cc(123)] NtOpenThread: {Access Denied} A process has requested access to an object, but has not been granted those access rights. (0xc0000022)
[0219/161359.422:ERROR:exception_snapshot_win.cc(98)] thread ID 11152 not found in process
[0219/161359.559:ERROR:process_reader_win.cc(123)] NtOpenThread: {Access Denied} A process has requested access to an object, but has not been granted those access rights. (0xc0000022)
[0219/161359.559:ERROR:exception_snapshot_win.cc(98)] thread ID 10264 not found in process
[0219/161359.720:ERROR:process_reader_win.cc(123)] NtOpenThread: {Access Denied} A process has requested access to an object, but has not been granted those access rights. (0xc0000022)
[0219/161359.720:ERROR:exception_snapshot_win.cc(98)] thread ID 10320 not found in process
[0219/161359.904:ERROR:process_reader_win.cc(123)] NtOpenThread: {Access Denied} A process has requested access to an object, but has not been granted those access rights. (0xc0000022)
[0219/161359.904:ERROR:exception_snapshot_win.cc(98)] thread ID 10556 not found in process
[0219/161449.397:ERROR:process_reader_win.cc(123)] NtOpenThread: {Access Denied} A process has requested access to an object, but has not been granted those access rights. (0xc0000022)
[0219/161449.397:ERROR:exception_snapshot_win.cc(98)] thread ID 7116 not found in process
[0219/161449.542:ERROR:process_reader_win.cc(123)] NtOpenThread: {Access Denied} A process has requested access to an object, but has not been granted those access rights. (0xc0000022)
[0219/161449.542:ERROR:exception_snapshot_win.cc(98)] thread ID 5844 not found in process
[0219/161449.669:ERROR:process_reader_win.cc(123)] NtOpenThread: {Access Denied} A process has requested access to an object, but has not been granted those access rights. (0xc0000022)
[0219/161449.669:ERROR:exception_snapshot_win.cc(98)] thread ID 5768 not found in process
[0219/161449.797:ERROR:process_reader_win.cc(123)] NtOpenThread: {Access Denied} A process has requested access to an object, but has not been granted those access rights. (0xc0000022)
[0219/161449.797:ERROR:exception_snapshot_win.cc(98)] thread ID 5132 not found in process
[0219/161449.930:ERROR:process_reader_win.cc(123)] NtOpenThread: {Access Denied} A process has requested access to an object, but has not been granted those access rights. (0xc0000022)
[0219/161449.930:ERROR:exception_snapshot_win.cc(98)] thread ID 11240 not found in process
[0219/161450.121:ERROR:process_reader_win.cc(123)] NtOpenThread: {Access Denied} A process has requested access to an object, but has not been granted those access rights. (0xc0000022)
[0219/161450.121:ERROR:exception_snapshot_win.cc(98)] thread ID 6956 not found in process
[0219/161659.772:ERROR:process_reader_win.cc(123)] NtOpenThread: {Access Denied} A process has requested access to an object, but has not been granted those access rights. (0xc0000022)
[0219/161659.773:ERROR:exception_snapshot_win.cc(98)] thread ID 6036 not found in process
[0219/161659.910:ERROR:process_reader_win.cc(123)] NtOpenThread: {Access Denied} A process has requested access to an object, but has not been granted those access rights. (0xc0000022)
[0219/161659.910:ERROR:exception_snapshot_win.cc(98)] thread ID 11148 not found in process
[0219/161700.052:ERROR:process_reader_win.cc(123)] NtOpenThread: {Access Denied} A process has requested access to an object, but has not been granted those access rights. (0xc0000022)
[0219/161700.052:ERROR:exception_snapshot_win.cc(98)] thread ID 4168 not found in process
[0219/161700.174:ERROR:process_reader_win.cc(123)] NtOpenThread: {Access Denied} A process has requested access to an object, but has not been granted those access rights. (0xc0000022)
[0219/161700.174:ERROR:exception_snapshot_win.cc(98)] thread ID 6460 not found in process
[0219/161700.309:ERROR:process_reader_win.cc(123)] NtOpenThread: {Access Denied} A process has requested access to an object, but has not been granted those access rights. (0xc0000022)
[0219/161700.309:ERROR:exception_snapshot_win.cc(98)] thread ID 1204 not found in process
[0219/161700.514:ERROR:process_reader_win.cc(123)] NtOpenThread: {Access Denied} A process has requested access to an object, but has not been granted those access rights. (0xc0000022)
[0219/161700.514:ERROR:exception_snapshot_win.cc(98)] thread ID 8292 not found in process
[0219/161751.541:ERROR:process_reader_win.cc(123)] NtOpenThread: {Access Denied} A process has requested access to an object, but has not been granted those access rights. (0xc0000022)
[0219/161751.542:ERROR:exception_snapshot_win.cc(98)] thread ID 5952 not found in process
[0219/161751.568:ERROR:process_reader_win.cc(123)] NtOpenThread: {Access Denied} A process has requested access to an object, but has not been granted those access rights. (0xc0000022)
[0219/161751.569:ERROR:exception_snapshot_win.cc(98)] thread ID 5560 not found in process
[0219/161751.593:ERROR:process_reader_win.cc(123)] NtOpenThread: {Access Denied} A process has requested access to an object, but has not been granted those access rights. (0xc0000022)
[0219/161751.593:ERROR:exception_snapshot_win.cc(98)] thread ID 8312 not found in process
[0219/161751.594:ERROR:process_reader_win.cc(123)] NtOpenThread: {Access Denied} A process has requested access to an object, but has not been granted those access rights. (0xc0000022)
[0219/161751.594:ERROR:exception_snapshot_win.cc(98)] thread ID 5624 not found in process
[0219/161751.627:ERROR:process_reader_win.cc(123)] NtOpenThread: {Access Denied} A process has requested access to an object, but has not been granted those access rights. (0xc0000022)
[0219/161751.628:ERROR:exception_snapshot_win.cc(98)] thread ID 10308 not found in process
[0219/161751.642:ERROR:process_reader_win.cc(123)] NtOpenThread: {Access Denied} A process has requested access to an object, but has not been granted those access rights. (0xc0000022)
[0219/161751.642:ERROR:exception_snapshot_win.cc(98)] thread ID 6180 not found in process
[0219/161751.643:ERROR:scoped_process_suspend.cc(40)] NtResumeProcess: An attempt was made to access an exiting process. (0xc000010a)
[0219/162010.861:ERROR:process_reader_win.cc(123)] NtOpenThread: {Access Denied} A process has requested access to an object, but has not been granted those access rights. (0xc0000022)
[0219/162010.862:ERROR:exception_snapshot_win.cc(98)] thread ID 10920 not found in process
[0219/162010.874:ERROR:process_reader_win.cc(123)] NtOpenThread: {Access Denied} A process has requested access to an object, but has not been granted those access rights. (0xc0000022)
[0219/162010.874:ERROR:exception_snapshot_win.cc(98)] thread ID 6932 not found in process
[0219/162010.875:ERROR:scoped_process_suspend.cc(40)] NtResumeProcess: An attempt was made to access an exiting process. (0xc000010a)
[0219/162010.913:ERROR:process_reader_win.cc(123)] NtOpenThread: {Access Denied} A process has requested access to an object, but has not been granted those access rights. (0xc0000022)
[0219/162010.913:ERROR:exception_snapshot_win.cc(98)] thread ID 5196 not found in process
[0219/162010.932:ERROR:process_reader_win.cc(123)] NtOpenThread: {Access Denied} A process has requested access to an object, but has not been granted those access rights. (0xc0000022)
[0219/162010.932:ERROR:exception_snapshot_win.cc(98)] thread ID 10308 not found in process
[0219/162010.952:ERROR:process_reader_win.cc(123)] NtOpenThread: {Access Denied} A process has requested access to an object, but has not been granted those access rights. (0xc0000022)
[0219/162010.952:ERROR:exception_snapshot_win.cc(98)] thread ID 9352 not found in process
[0219/162011.019:ERROR:process_reader_win.cc(123)] NtOpenThread: {Access Denied} A process has requested access to an object, but has not been granted those access rights. (0xc0000022)
[0219/162011.019:ERROR:exception_snapshot_win.cc(98)] thread ID 9440 not found in process
[0219/162011.033:ERROR:process_reader_win.cc(123)] NtOpenThread: {Access Denied} A process has requested access to an object, but has not been granted those access rights. (0xc0000022)
[0219/162011.033:ERROR:exception_snapshot_win.cc(98)] thread ID 11128 not found in process
[0219/162044.600:ERROR:process_reader_win.cc(123)] NtOpenThread: {Access Denied} A process has requested access to an object, but has not been granted those access rights. (0xc0000022)
[0219/162044.601:ERROR:exception_snapshot_win.cc(98)] thread ID 6704 not found in process
[0219/162044.611:ERROR:process_reader_win.cc(151)] SuspendThread: Access is denied. (0x5)
[0219/162044.612:ERROR:process_reader_win.cc(151)] SuspendThread: Access is denied. (0x5)
[0219/162044.612:ERROR:process_reader_win.cc(123)] NtOpenThread: {Access Denied} A process has requested access to an object, but has not been granted those access rights. (0xc0000022)
[0219/162044.612:ERROR:exception_snapshot_win.cc(98)] thread ID 8364 not found in process
[0219/162044.624:ERROR:process_reader_win.cc(123)] NtOpenThread: {Access Denied} A process has requested access to an object, but has not been granted those access rights. (0xc0000022)
[0219/162044.624:ERROR:exception_snapshot_win.cc(98)] thread ID 5472 not found in process
[0219/162044.665:ERROR:process_reader_win.cc(123)] NtOpenThread: {Access Denied} A process has requested access to an object, but has not been granted those access rights. (0xc0000022)
[0219/162044.665:ERROR:exception_snapshot_win.cc(98)] thread ID 4844 not found in process
[0219/162044.764:ERROR:process_reader_win.cc(123)] NtOpenThread: {Access Denied} A process has requested access to an object, but has not been granted those access rights. (0xc0000022)
[0219/162044.764:ERROR:exception_snapshot_win.cc(98)] thread ID 9508 not found in process
[0219/162044.773:ERROR:process_reader_win.cc(123)] NtOpenThread: {Access Denied} A process has requested access to an object, but has not been granted those access rights. (0xc0000022)
[0219/162044.774:ERROR:exception_snapshot_win.cc(98)] thread ID 2136 not found in process
[0219/162044.789:ERROR:process_reader_win.cc(123)] NtOpenThread: {Access Denied} A process has requested access to an object, but has not been granted those access rights. (0xc0000022)
[0219/162044.790:ERROR:process_reader_win.cc(123)] NtOpenThread: {Access Denied} A process has requested access to an object, but has not been granted those access rights. (0xc0000022)
[0219/162044.790:ERROR:exception_snapshot_win.cc(98)] thread ID 7000 not found in process
[0219/162044.790:ERROR:exception_snapshot_win.cc(98)] thread ID 1420 not found in process
[0219/162044.797:ERROR:process_reader_win.cc(123)] NtOpenThread: {Access Denied} A process has requested access to an object, but has not been granted those access rights. (0xc0000022)
[0219/162044.797:ERROR:exception_snapshot_win.cc(98)] thread ID 9140 not found in process
[0219/162127.106:ERROR:process_reader_win.cc(123)] NtOpenThread: {Access Denied} A process has requested access to an object, but has not been granted those access rights. (0xc0000022)
[0219/162127.107:ERROR:exception_snapshot_win.cc(98)] thread ID 10960 not found in process
[0219/162127.246:ERROR:process_reader_win.cc(123)] NtOpenThread: {Access Denied} A process has requested access to an object, but has not been granted those access rights. (0xc0000022)
[0219/162127.246:ERROR:exception_snapshot_win.cc(98)] thread ID 9824 not found in process
[0219/162127.400:ERROR:process_reader_win.cc(123)] NtOpenThread: {Access Denied} A process has requested access to an object, but has not been granted those access rights. (0xc0000022)
[0219/162127.400:ERROR:exception_snapshot_win.cc(98)] thread ID 3696 not found in process
[0219/162127.542:ERROR:process_reader_win.cc(123)] NtOpenThread: {Access Denied} A process has requested access to an object, but has not been granted those access rights. (0xc0000022)
[0219/162127.542:ERROR:exception_snapshot_win.cc(98)] thread ID 10948 not found in process
[0219/162127.682:ERROR:process_reader_win.cc(123)] NtOpenThread: {Access Denied} A process has requested access to an object, but has not been granted those access rights. (0xc0000022)
[0219/162127.682:ERROR:exception_snapshot_win.cc(98)] thread ID 10024 not found in process
[0219/162127.841:ERROR:process_reader_win.cc(123)] NtOpenThread: {Access Denied} A process has requested access to an object, but has not been granted those access rights. (0xc0000022)
[0219/162127.841:ERROR:exception_snapshot_win.cc(98)] thread ID 9648 not found in process
[0219/162128.008:ERROR:process_reader_win.cc(123)] NtOpenThread: {Access Denied} A process has requested access to an object, but has not been granted those access rights. (0xc0000022)
[0219/162128.008:ERROR:exception_snapshot_win.cc(98)] thread ID 1272 not found in process
[0219/162128.145:ERROR:process_reader_win.cc(123)] NtOpenThread: {Access Denied} A process has requested access to an object, but has not been granted those access rights. (0xc0000022)
[0219/162128.145:ERROR:exception_snapshot_win.cc(98)] thread ID 6304 not found in process
[0219/162128.330:ERROR:process_reader_win.cc(123)] NtOpenThread: {Access Denied} A process has requested access to an object, but has not been granted those access rights. (0xc0000022)
[0219/162128.330:ERROR:exception_snapshot_win.cc(98)] thread ID 8508 not found in process
[0219/162128.515:ERROR:process_reader_win.cc(123)] NtOpenThread: {Access Denied} A process has requested access to an object, but has not been granted those access rights. (0xc0000022)
[0219/162128.515:ERROR:exception_snapshot_win.cc(98)] thread ID 8488 not found in process
[0219/162128.723:ERROR:process_reader_win.cc(123)] NtOpenThread: {Access Denied} A process has requested access to an object, but has not been granted those access rights. (0xc0000022)
[0219/162128.723:ERROR:exception_snapshot_win.cc(98)] thread ID 10760 not found in process
[0219/162128.932:ERROR:process_reader_win.cc(123)] NtOpenThread: {Access Denied} A process has requested access to an object, but has not been granted those access rights. (0xc0000022)
[0219/162128.932:ERROR:exception_snapshot_win.cc(98)] thread ID 9976 not found in process
[0219/164703.974:ERROR:process_reader_win.cc(123)] NtOpenThread: {Access Denied} A process has requested access to an object, but has not been granted those access rights. (0xc0000022)
[0219/164703.975:ERROR:exception_snapshot_win.cc(98)] thread ID 10764 not found in process
[0219/164704.120:ERROR:process_reader_win.cc(123)] NtOpenThread: {Access Denied} A process has requested access to an object, but has not been granted those access rights. (0xc0000022)
[0219/164704.120:ERROR:exception_snapshot_win.cc(98)] thread ID 10132 not found in process
[0219/164704.264:ERROR:process_reader_win.cc(123)] NtOpenThread: {Access Denied} A process has requested access to an object, but has not been granted those access rights. (0xc0000022)
[0219/164704.265:ERROR:exception_snapshot_win.cc(98)] thread ID 7660 not found in process
[0219/164704.416:ERROR:process_reader_win.cc(123)] NtOpenThread: {Access Denied} A process has requested access to an object, but has not been granted those access rights. (0xc0000022)
[0219/164704.416:ERROR:exception_snapshot_win.cc(98)] thread ID 8276 not found in process
[0219/164704.576:ERROR:process_reader_win.cc(123)] NtOpenThread: {Access Denied} A process has requested access to an object, but has not been granted those access rights. (0xc0000022)
[0219/164704.576:ERROR:exception_snapshot_win.cc(98)] thread ID 3548 not found in process
[0219/164704.738:ERROR:process_info.cc(329)] VirtualQueryEx: Access is denied. (0x5)
[0219/164704.739:ERROR:process_info.cc(556)] ReadMemoryInfo failed
[0219/164704.739:ERROR:process_memory_win.cc(39)] Failed to initialize ProcessInfo.
[0219/164704.739:ERROR:scoped_process_suspend.cc(40)] NtResumeProcess: An attempt was made to access an exiting process. (0xc000010a)
[0219/164759.265:ERROR:process_reader_win.cc(123)] NtOpenThread: {Access Denied} A process has requested access to an object, but has not been granted those access rights. (0xc0000022)
[0219/164759.266:ERROR:exception_snapshot_win.cc(98)] thread ID 4792 not found in process
[0219/164759.417:ERROR:process_reader_win.cc(123)] NtOpenThread: {Access Denied} A process has requested access to an object, but has not been granted those access rights. (0xc0000022)
[0219/164759.417:ERROR:exception_snapshot_win.cc(98)] thread ID 10540 not found in process
[0219/164759.543:ERROR:process_reader_win.cc(123)] NtOpenThread: {Access Denied} A process has requested access to an object, but has not been granted those access rights. (0xc0000022)
[0219/164759.543:ERROR:exception_snapshot_win.cc(98)] thread ID 10160 not found in process
[0219/164759.670:ERROR:process_reader_win.cc(123)] NtOpenThread: {Access Denied} A process has requested access to an object, but has not been granted those access rights. (0xc0000022)
[0219/164759.670:ERROR:exception_snapshot_win.cc(98)] thread ID 9580 not found in process
[0219/164759.804:ERROR:process_reader_win.cc(123)] NtOpenThread: {Access Denied} A process has requested access to an object, but has not been granted those access rights. (0xc0000022)
[0219/164759.804:ERROR:exception_snapshot_win.cc(98)] thread ID 9896 not found in process
[0219/164759.995:ERROR:process_reader_win.cc(123)] NtOpenThread: {Access Denied} A process has requested access to an object, but has not been granted those access rights. (0xc0000022)
[0219/164759.995:ERROR:exception_snapshot_win.cc(98)] thread ID 9844 not found in process
[0219/164848.412:ERROR:process_reader_win.cc(123)] NtOpenThread: {Access Denied} A process has requested access to an object, but has not been granted those access rights. (0xc0000022)
[0219/164848.413:ERROR:exception_snapshot_win.cc(98)] thread ID 7084 not found in process
[0219/164848.576:ERROR:process_reader_win.cc(123)] NtOpenThread: {Access Denied} A process has requested access to an object, but has not been granted those access rights. (0xc0000022)
[0219/164848.576:ERROR:exception_snapshot_win.cc(98)] thread ID 7844 not found in process
[0219/164848.743:ERROR:process_reader_win.cc(123)] NtOpenThread: {Access Denied} A process has requested access to an object, but has not been granted those access rights. (0xc0000022)
[0219/164848.743:ERROR:exception_snapshot_win.cc(98)] thread ID 4040 not found in process
[0219/164848.879:ERROR:process_reader_win.cc(123)] NtOpenThread: {Access Denied} A process has requested access to an object, but has not been granted those access rights. (0xc0000022)
[0219/164848.879:ERROR:exception_snapshot_win.cc(98)] thread ID 1252 not found in process
[0219/164849.032:ERROR:process_reader_win.cc(123)] NtOpenThread: {Access Denied} A process has requested access to an object, but has not been granted those access rights. (0xc0000022)
[0219/164849.032:ERROR:exception_snapshot_win.cc(98)] thread ID 8200 not found in process
[0219/164849.236:ERROR:process_reader_win.cc(123)] NtOpenThread: {Access Denied} A process has requested access to an object, but has not been granted those access rights. (0xc0000022)
[0219/164849.236:ERROR:exception_snapshot_win.cc(98)] thread ID 6844 not found in process
[0219/165008.654:ERROR:process_reader_win.cc(123)] NtOpenThread: {Access Denied} A process has requested access to an object, but has not been granted those access rights. (0xc0000022)
[0219/165008.654:ERROR:exception_snapshot_win.cc(98)] thread ID 8020 not found in process
[0219/165008.785:ERROR:process_reader_win.cc(123)] NtOpenThread: {Access Denied} A process has requested access to an object, but has not been granted those access rights. (0xc0000022)
[0219/165008.786:ERROR:exception_snapshot_win.cc(98)] thread ID 11012 not found in process
[0219/165008.918:ERROR:process_reader_win.cc(123)] NtOpenThread: {Access Denied} A process has requested access to an object, but has not been granted those access rights. (0xc0000022)
[0219/165008.919:ERROR:exception_snapshot_win.cc(98)] thread ID 10092 not found in process
[0219/165009.056:ERROR:process_reader_win.cc(123)] NtOpenThread: {Access Denied} A process has requested access to an object, but has not been granted those access rights. (0xc0000022)
[0219/165009.056:ERROR:exception_snapshot_win.cc(98)] thread ID 3832 not found in process
[0219/165009.235:ERROR:process_reader_win.cc(123)] NtOpenThread: {Access Denied} A process has requested access to an object, but has not been granted those access rights. (0xc0000022)
[0219/165009.235:ERROR:exception_snapshot_win.cc(98)] thread ID 2016 not found in process
[0219/165009.429:ERROR:process_reader_win.cc(123)] NtOpenThread: {Access Denied} A process has requested access to an object, but has not been granted those access rights. (0xc0000022)
[0219/165009.429:ERROR:exception_snapshot_win.cc(98)] thread ID 9116 not found in process
[0219/165546.581:ERROR:process_reader_win.cc(123)] NtOpenThread: {Access Denied} A process has requested access to an object, but has not been granted those access rights. (0xc0000022)
[0219/165546.582:ERROR:exception_snapshot_win.cc(98)] thread ID 3128 not found in process
[0219/165546.720:ERROR:process_reader_win.cc(123)] NtOpenThread: {Access Denied} A process has requested access to an object, but has not been granted those access rights. (0xc0000022)
[0219/165546.720:ERROR:exception_snapshot_win.cc(98)] thread ID 2628 not found in process
[0219/165546.868:ERROR:process_reader_win.cc(123)] NtOpenThread: {Access Denied} A process has requested access to an object, but has not been granted those access rights. (0xc0000022)
[0219/165546.868:ERROR:exception_snapshot_win.cc(98)] thread ID 5256 not found in process
[0219/165547.003:ERROR:process_reader_win.cc(123)] NtOpenThread: {Access Denied} A process has requested access to an object, but has not been granted those access rights. (0xc0000022)
[0219/165547.003:ERROR:exception_snapshot_win.cc(98)] thread ID 8136 not found in process
[0219/165547.143:ERROR:process_reader_win.cc(123)] NtOpenThread: {Access Denied} A process has requested access to an object, but has not been granted those access rights. (0xc0000022)
[0219/165547.144:ERROR:exception_snapshot_win.cc(98)] thread ID 11108 not found in process
[0219/165547.281:ERROR:process_reader_win.cc(123)] NtOpenThread: {Access Denied} A process has requested access to an object, but has not been granted those access rights. (0xc0000022)
[0219/165547.281:ERROR:exception_snapshot_win.cc(98)] thread ID 4544 not found in process
[0219/165547.436:ERROR:process_reader_win.cc(123)] NtOpenThread: {Access Denied} A process has requested access to an object, but has not been granted those access rights. (0xc0000022)
[0219/165547.436:ERROR:exception_snapshot_win.cc(98)] thread ID 11048 not found in process
[0219/165547.596:ERROR:process_reader_win.cc(123)] NtOpenThread: {Access Denied} A process has requested access to an object, but has not been granted those access rights. (0xc0000022)
[0219/165547.597:ERROR:exception_snapshot_win.cc(98)] thread ID 10900 not found in process
[0219/165547.778:ERROR:process_reader_win.cc(123)] NtOpenThread: {Access Denied} A process has requested access to an object, but has not been granted those access rights. (0xc0000022)
[0219/165547.778:ERROR:exception_snapshot_win.cc(98)] thread ID 4164 not found in process
[0219/165547.957:ERROR:process_reader_win.cc(123)] NtOpenThread: {Access Denied} A process has requested access to an object, but has not been granted those access rights. (0xc0000022)
[0219/165547.957:ERROR:exception_snapshot_win.cc(98)] thread ID 3984 not found in process
[0219/165548.148:ERROR:process_reader_win.cc(123)] NtOpenThread: {Access Denied} A process has requested access to an object, but has not been granted those access rights. (0xc0000022)
[0219/165548.148:ERROR:exception_snapshot_win.cc(98)] thread ID 10456 not found in process
[0219/165548.417:ERROR:process_reader_win.cc(123)] NtOpenThread: {Access Denied} A process has requested access to an object, but has not been granted those access rights. (0xc0000022)
[0219/165548.417:ERROR:exception_snapshot_win.cc(98)] thread ID 2028 not found in process
[0219/165955.777:ERROR:process_reader_win.cc(123)] NtOpenThread: {Access Denied} A process has requested access to an object, but has not been granted those access rights. (0xc0000022)
[0219/165955.778:ERROR:exception_snapshot_win.cc(98)] thread ID 9844 not found in process
[0219/165955.919:ERROR:process_reader_win.cc(123)] NtOpenThread: {Access Denied} A process has requested access to an object, but has not been granted those access rights. (0xc0000022)
[0219/165955.920:ERROR:exception_snapshot_win.cc(98)] thread ID 5736 not found in process
[0219/165956.065:ERROR:process_reader_win.cc(123)] NtOpenThread: {Access Denied} A process has requested access to an object, but has not been granted those access rights. (0xc0000022)
[0219/165956.065:ERROR:exception_snapshot_win.cc(98)] thread ID 8140 not found in process
[0219/165956.219:ERROR:process_reader_win.cc(123)] NtOpenThread: {Access Denied} A process has requested access to an object, but has not been granted those access rights. (0xc0000022)
[0219/165956.219:ERROR:exception_snapshot_win.cc(98)] thread ID 10280 not found in process
[0219/165956.368:ERROR:process_reader_win.cc(123)] NtOpenThread: {Access Denied} A process has requested access to an object, but has not been granted those access rights. (0xc0000022)
[0219/165956.368:ERROR:exception_snapshot_win.cc(98)] thread ID 9952 not found in process
[0219/165956.510:ERROR:process_reader_win.cc(123)] NtOpenThread: {Access Denied} A process has requested access to an object, but has not been granted those access rights. (0xc0000022)
[0219/165956.510:ERROR:exception_snapshot_win.cc(98)] thread ID 8336 not found in process
[0219/165956.678:ERROR:process_reader_win.cc(123)] NtOpenThread: {Access Denied} A process has requested access to an object, but has not been granted those access rights. (0xc0000022)
[0219/165956.678:ERROR:exception_snapshot_win.cc(98)] thread ID 10664 not found in process
[0219/165956.948:ERROR:process_reader_win.cc(123)] NtOpenThread: {Access Denied} A process has requested access to an object, but has not been granted those access rights. (0xc0000022)
[0219/165956.949:ERROR:exception_snapshot_win.cc(98)] thread ID 848 not found in process
[0219/165957.147:ERROR:process_reader_win.cc(123)] NtOpenThread: {Access Denied} A process has requested access to an object, but has not been granted those access rights. (0xc0000022)
[0219/165957.147:ERROR:exception_snapshot_win.cc(98)] thread ID 10436 not found in process
[0219/165957.312:ERROR:process_reader_win.cc(123)] NtOpenThread: {Access Denied} A process has requested access to an object, but has not been granted those access rights. (0xc0000022)
[0219/165957.313:ERROR:exception_snapshot_win.cc(98)] thread ID 7424 not found in process
[0219/165957.485:ERROR:process_reader_win.cc(123)] NtOpenThread: {Access Denied} A process has requested access to an object, but has not been granted those access rights. (0xc0000022)
[0219/165957.486:ERROR:exception_snapshot_win.cc(98)] thread ID 11032 not found in process
[0219/165957.715:ERROR:process_reader_win.cc(123)] NtOpenThread: {Access Denied} A process has requested access to an object, but has not been granted those access rights. (0xc0000022)
[0219/165957.716:ERROR:exception_snapshot_win.cc(98)] thread ID 4792 not found in process
[0219/171933.967:ERROR:process_reader_win.cc(123)] NtOpenThread: {Access Denied} A process has requested access to an object, but has not been granted those access rights. (0xc0000022)
[0219/171933.969:ERROR:exception_snapshot_win.cc(98)] thread ID 848 not found in process
[0219/171934.150:ERROR:process_reader_win.cc(123)] NtOpenThread: {Access Denied} A process has requested access to an object, but has not been granted those access rights. (0xc0000022)
[0219/171934.150:ERROR:exception_snapshot_win.cc(98)] thread ID 8380 not found in process
[0219/171934.331:ERROR:process_reader_win.cc(123)] NtOpenThread: {Access Denied} A process has requested access to an object, but has not been granted those access rights. (0xc0000022)
[0219/171934.331:ERROR:exception_snapshot_win.cc(98)] thread ID 8460 not found in process
[0219/171934.526:ERROR:process_reader_win.cc(123)] NtOpenThread: {Access Denied} A process has requested access to an object, but has not been granted those access rights. (0xc0000022)
[0219/171934.527:ERROR:exception_snapshot_win.cc(98)] thread ID 6412 not found in process
[0219/171934.722:ERROR:process_reader_win.cc(123)] NtOpenThread: {Access Denied} A process has requested access to an object, but has not been granted those access rights. (0xc0000022)
[0219/171934.723:ERROR:exception_snapshot_win.cc(98)] thread ID 8244 not found in process
[0219/171934.900:ERROR:process_reader_win.cc(123)] NtOpenThread: {Access Denied} A process has requested access to an object, but has not been granted those access rights. (0xc0000022)
[0219/171934.900:ERROR:exception_snapshot_win.cc(98)] thread ID 4856 not found in process
[0219/171935.066:ERROR:process_reader_win.cc(123)] NtOpenThread: {Access Denied} A process has requested access to an object, but has not been granted those access rights. (0xc0000022)
[0219/171935.066:ERROR:exception_snapshot_win.cc(98)] thread ID 7456 not found in process
[0219/171935.281:ERROR:process_reader_win.cc(123)] NtOpenThread: {Access Denied} A process has requested access to an object, but has not been granted those access rights. (0xc0000022)
[0219/171935.281:ERROR:exception_snapshot_win.cc(98)] thread ID 9176 not found in process
[0219/172109.837:ERROR:process_reader_win.cc(123)] NtOpenThread: {Access Denied} A process has requested access to an object, but has not been granted those access rights. (0xc0000022)
[0219/172109.838:ERROR:exception_snapshot_win.cc(98)] thread ID 9812 not found in process
[0219/172109.965:ERROR:process_reader_win.cc(123)] NtOpenThread: {Access Denied} A process has requested access to an object, but has not been granted those access rights. (0xc0000022)
[0219/172109.965:ERROR:exception_snapshot_win.cc(98)] thread ID 9816 not found in process
[0219/172110.099:ERROR:process_reader_win.cc(123)] NtOpenThread: {Access Denied} A process has requested access to an object, but has not been granted those access rights. (0xc0000022)
[0219/172110.099:ERROR:exception_snapshot_win.cc(98)] thread ID 9840 not found in process
[0219/172110.246:ERROR:process_reader_win.cc(123)] NtOpenThread: {Access Denied} A process has requested access to an object, but has not been granted those access rights. (0xc0000022)
[0219/172110.247:ERROR:exception_snapshot_win.cc(98)] thread ID 9856 not found in process
[0219/172110.389:ERROR:process_reader_win.cc(123)] NtOpenThread: {Access Denied} A process has requested access to an object, but has not been granted those access rights. (0xc0000022)
[0219/172110.389:ERROR:exception_snapshot_win.cc(98)] thread ID 9860 not found in process
[0219/172110.538:ERROR:process_reader_win.cc(123)] NtOpenThread: {Access Denied} A process has requested access to an object, but has not been granted those access rights. (0xc0000022)
[0219/172110.539:ERROR:exception_snapshot_win.cc(98)] thread ID 9864 not found in process
[0219/172110.672:ERROR:process_reader_win.cc(123)] NtOpenThread: {Access Denied} A process has requested access to an object, but has not been granted those access rights. (0xc0000022)
[0219/172110.672:ERROR:exception_snapshot_win.cc(98)] thread ID 9904 not found in process
[0219/172110.818:ERROR:process_reader_win.cc(123)] NtOpenThread: {Access Denied} A process has requested access to an object, but has not been granted those access rights. (0xc0000022)
[0219/172110.819:ERROR:exception_snapshot_win.cc(98)] thread ID 9908 not found in process
[0219/172110.962:ERROR:process_reader_win.cc(123)] NtOpenThread: {Access Denied} A process has requested access to an object, but has not been granted those access rights. (0xc0000022)
[0219/172110.962:ERROR:exception_snapshot_win.cc(98)] thread ID 9912 not found in process
[0219/172111.106:ERROR:process_reader_win.cc(123)] NtOpenThread: {Access Denied} A process has requested access to an object, but has not been granted those access rights. (0xc0000022)
[0219/172111.106:ERROR:exception_snapshot_win.cc(98)] thread ID 9916 not found in process
[0219/172111.274:ERROR:process_reader_win.cc(123)] NtOpenThread: {Access Denied} A process has requested access to an object, but has not been granted those access rights. (0xc0000022)
[0219/172111.274:ERROR:exception_snapshot_win.cc(98)] thread ID 9920 not found in process
[0219/172111.443:ERROR:process_reader_win.cc(123)] NtOpenThread: {Access Denied} A process has requested access to an object, but has not been granted those access rights. (0xc0000022)
[0219/172111.443:ERROR:exception_snapshot_win.cc(98)] thread ID 9968 not found in process
[0219/172111.613:ERROR:process_reader_win.cc(123)] NtOpenThread: {Access Denied} A process has requested access to an object, but has not been granted those access rights. (0xc0000022)
[0219/172111.613:ERROR:exception_snapshot_win.cc(98)] thread ID 9996 not found in process
[0219/172111.834:ERROR:process_reader_win.cc(123)] NtOpenThread: {Access Denied} A process has requested access to an object, but has not been granted those access rights. (0xc0000022)
[0219/172111.834:ERROR:exception_snapshot_win.cc(98)] thread ID 10008 not found in process
[0219/172856.332:ERROR:process_reader_win.cc(123)] NtOpenThread: {Access Denied} A process has requested access to an object, but has not been granted those access rights. (0xc0000022)
[0219/172856.333:ERROR:exception_snapshot_win.cc(98)] thread ID 5764 not found in process
[0219/172856.517:ERROR:process_reader_win.cc(123)] NtOpenThread: {Access Denied} A process has requested access to an object, but has not been granted those access rights. (0xc0000022)
[0219/172856.517:ERROR:exception_snapshot_win.cc(98)] thread ID 9684 not found in process
[0219/172856.723:ERROR:process_reader_win.cc(123)] NtOpenThread: {Access Denied} A process has requested access to an object, but has not been granted those access rights. (0xc0000022)
[0219/172856.723:ERROR:exception_snapshot_win.cc(98)] thread ID 4336 not found in process
[0219/172856.906:ERROR:process_reader_win.cc(123)] NtOpenThread: {Access Denied} A process has requested access to an object, but has not been granted those access rights. (0xc0000022)
[0219/172856.907:ERROR:exception_snapshot_win.cc(98)] thread ID 9548 not found in process
[0219/172857.128:ERROR:process_reader_win.cc(123)] NtOpenThread: {Access Denied} A process has requested access to an object, but has not been granted those access rights. (0xc0000022)
[0219/172857.128:ERROR:exception_snapshot_win.cc(98)] thread ID 5132 not found in process
[0219/172857.377:ERROR:process_reader_win.cc(123)] NtOpenThread: {Access Denied} A process has requested access to an object, but has not been granted those access rights. (0xc0000022)
[0219/172857.378:ERROR:exception_snapshot_win.cc(98)] thread ID 8604 not found in process
[0219/174018.513:ERROR:process_reader_win.cc(151)] SuspendThread: Access is denied. (0x5)
[0219/174018.514:ERROR:process_reader_win.cc(151)] SuspendThread: Access is denied. (0x5)
[0219/174018.514:ERROR:process_reader_win.cc(151)] SuspendThread: Access is denied. (0x5)
[0219/174018.514:ERROR:process_reader_win.cc(123)] NtOpenThread: {Access Denied} A process has requested access to an object, but has not been granted those access rights. (0xc0000022)
[0219/174018.515:ERROR:exception_snapshot_win.cc(98)] thread ID 9876 not found in process
[0219/174018.524:ERROR:process_reader_win.cc(123)] NtOpenThread: {Access Denied} A process has requested access to an object, but has not been granted those access rights. (0xc0000022)
[0219/174018.524:ERROR:exception_snapshot_win.cc(98)] thread ID 9324 not found in process
[0219/174018.547:ERROR:process_reader_win.cc(123)] NtOpenThread: {Access Denied} A process has requested access to an object, but has not been granted those access rights. (0xc0000022)
[0219/174018.547:ERROR:exception_snapshot_win.cc(98)] thread ID 5768 not found in process
[0219/174018.555:ERROR:process_reader_win.cc(123)] NtOpenThread: {Access Denied} A process has requested access to an object, but has not been granted those access rights. (0xc0000022)
[0219/174018.556:ERROR:exception_snapshot_win.cc(98)] thread ID 9600 not found in process
[0219/174018.569:ERROR:process_reader_win.cc(123)] NtOpenThread: {Access Denied} A process has requested access to an object, but has not been granted those access rights. (0xc0000022)
[0219/174018.570:ERROR:exception_snapshot_win.cc(98)] thread ID 9116 not found in process
[0219/174018.585:ERROR:process_reader_win.cc(151)] SuspendThread: Access is denied. (0x5)
[0219/174018.586:ERROR:process_reader_win.cc(123)] NtOpenThread: {Access Denied} A process has requested access to an object, but has not been granted those access rights. (0xc0000022)
[0219/174018.586:ERROR:exception_snapshot_win.cc(98)] thread ID 1372 not found in process
[0219/174018.616:ERROR:process_reader_win.cc(123)] NtOpenThread: {Access Denied} A process has requested access to an object, but has not been granted those access rights. (0xc0000022)
[0219/174018.616:ERROR:exception_snapshot_win.cc(98)] thread ID 6972 not found in process
[0219/174018.621:ERROR:process_reader_win.cc(123)] NtOpenThread: {Access Denied} A process has requested access to an object, but has not been granted those access rights. (0xc0000022)
[0219/174018.622:ERROR:exception_snapshot_win.cc(98)] thread ID 2504 not found in process
[0219/174018.685:ERROR:process_reader_win.cc(123)] NtOpenThread: {Access Denied} A process has requested access to an object, but has not been granted those access rights. (0xc0000022)
[0219/174018.685:ERROR:exception_snapshot_win.cc(98)] thread ID 5840 not found in process
[0219/174117.464:ERROR:process_reader_win.cc(123)] NtOpenThread: {Access Denied} A process has requested access to an object, but has not been granted those access rights. (0xc0000022)
[0219/174117.465:ERROR:exception_snapshot_win.cc(98)] thread ID 8456 not found in process
[0219/174117.600:ERROR:process_reader_win.cc(123)] NtOpenThread: {Access Denied} A process has requested access to an object, but has not been granted those access rights. (0xc0000022)
[0219/174117.600:ERROR:exception_snapshot_win.cc(98)] thread ID 3440 not found in process
[0219/174117.811:ERROR:process_reader_win.cc(123)] NtOpenThread: {Access Denied} A process has requested access to an object, but has not been granted those access rights. (0xc0000022)
[0219/174117.811:ERROR:exception_snapshot_win.cc(98)] thread ID 5364 not found in process
[0219/174118.003:ERROR:process_reader_win.cc(123)] NtOpenThread: {Access Denied} A process has requested access to an object, but has not been granted those access rights. (0xc0000022)
[0219/174118.003:ERROR:exception_snapshot_win.cc(98)] thread ID 3424 not found in process
[0219/174118.196:ERROR:process_reader_win.cc(123)] NtOpenThread: {Access Denied} A process has requested access to an object, but has not been granted those access rights. (0xc0000022)
[0219/174118.196:ERROR:exception_snapshot_win.cc(98)] thread ID 9888 not found in process
[0219/174118.417:ERROR:process_reader_win.cc(123)] NtOpenThread: {Access Denied} A process has requested access to an object, but has not been granted those access rights. (0xc0000022)
[0219/174118.417:ERROR:exception_snapshot_win.cc(98)] thread ID 9112 not found in process
[0219/174357.583:ERROR:process_reader_win.cc(123)] NtOpenThread: {Access Denied} A process has requested access to an object, but has not been granted those access rights. (0xc0000022)
[0219/174357.584:ERROR:exception_snapshot_win.cc(98)] thread ID 9120 not found in process
[0219/174357.742:ERROR:process_reader_win.cc(123)] NtOpenThread: {Access Denied} A process has requested access to an object, but has not been granted those access rights. (0xc0000022)
[0219/174357.743:ERROR:exception_snapshot_win.cc(98)] thread ID 8720 not found in process
[0219/174357.927:ERROR:process_reader_win.cc(123)] NtOpenThread: {Access Denied} A process has requested access to an object, but has not been granted those access rights. (0xc0000022)
[0219/174357.927:ERROR:exception_snapshot_win.cc(98)] thread ID 8376 not found in process
[0219/174358.109:ERROR:process_reader_win.cc(123)] NtOpenThread: {Access Denied} A process has requested access to an object, but has not been granted those access rights. (0xc0000022)
[0219/174358.109:ERROR:exception_snapshot_win.cc(98)] thread ID 3056 not found in process
[0219/174358.261:ERROR:process_reader_win.cc(123)] NtOpenThread: {Access Denied} A process has requested access to an object, but has not been granted those access rights. (0xc0000022)
[0219/174358.261:ERROR:exception_snapshot_win.cc(98)] thread ID 8292 not found in process
[0219/174358.392:ERROR:process_reader_win.cc(123)] NtOpenThread: {Access Denied} A process has requested access to an object, but has not been granted those access rights. (0xc0000022)
[0219/174358.392:ERROR:exception_snapshot_win.cc(98)] thread ID 9652 not found in process
[0219/174358.552:ERROR:process_reader_win.cc(123)] NtOpenThread: {Access Denied} A process has requested access to an object, but has not been granted those access rights. (0xc0000022)
[0219/174358.552:ERROR:exception_snapshot_win.cc(98)] thread ID 6192 not found in process
[0219/174358.684:ERROR:process_reader_win.cc(123)] NtOpenThread: {Access Denied} A process has requested access to an object, but has not been granted those access rights. (0xc0000022)
[0219/174358.684:ERROR:exception_snapshot_win.cc(98)] thread ID 8860 not found in process
[0219/174358.860:ERROR:process_reader_win.cc(123)] NtOpenThread: {Access Denied} A process has requested access to an object, but has not been granted those access rights. (0xc0000022)
[0219/174358.860:ERROR:exception_snapshot_win.cc(98)] thread ID 9972 not found in process
[0219/174359.023:ERROR:process_reader_win.cc(123)] NtOpenThread: {Access Denied} A process has requested access to an object, but has not been granted those access rights. (0xc0000022)
[0219/174359.024:ERROR:exception_snapshot_win.cc(98)] thread ID 1400 not found in process
[0219/174359.157:ERROR:process_reader_win.cc(123)] NtOpenThread: {Access Denied} A process has requested access to an object, but has not been granted those access rights. (0xc0000022)
[0219/174359.157:ERROR:exception_snapshot_win.cc(98)] thread ID 7960 not found in process
[0219/174359.343:ERROR:process_reader_win.cc(123)] NtOpenThread: {Access Denied} A process has requested access to an object, but has not been granted those access rights. (0xc0000022)
[0219/174359.343:ERROR:exception_snapshot_win.cc(98)] thread ID 8212 not found in process
[0219/174359.572:ERROR:process_reader_win.cc(123)] NtOpenThread: {Access Denied} A process has requested access to an object, but has not been granted those access rights. (0xc0000022)
[0219/174359.572:ERROR:exception_snapshot_win.cc(98)] thread ID 9164 not found in process
[0219/174623.169:ERROR:process_reader_win.cc(123)] NtOpenThread: {Access Denied} A process has requested access to an object, but has not been granted those access rights. (0xc0000022)
[0219/174623.170:ERROR:exception_snapshot_win.cc(98)] thread ID 9880 not found in process
[0219/174623.293:ERROR:process_reader_win.cc(123)] NtOpenThread: {Access Denied} A process has requested access to an object, but has not been granted those access rights. (0xc0000022)
[0219/174623.294:ERROR:exception_snapshot_win.cc(98)] thread ID 8548 not found in process
[0219/174623.423:ERROR:process_reader_win.cc(123)] NtOpenThread: {Access Denied} A process has requested access to an object, but has not been granted those access rights. (0xc0000022)
[0219/174623.424:ERROR:exception_snapshot_win.cc(98)] thread ID 4076 not found in process
[0219/174623.553:ERROR:process_reader_win.cc(123)] NtOpenThread: {Access Denied} A process has requested access to an object, but has not been granted those access rights. (0xc0000022)
[0219/174623.553:ERROR:exception_snapshot_win.cc(98)] thread ID 2952 not found in process
[0219/174623.681:ERROR:process_reader_win.cc(123)] NtOpenThread: {Access Denied} A process has requested access to an object, but has not been granted those access rights. (0xc0000022)
[0219/174623.682:ERROR:exception_snapshot_win.cc(98)] thread ID 8604 not found in process
[0219/174623.814:ERROR:process_reader_win.cc(123)] NtOpenThread: {Access Denied} A process has requested access to an object, but has not been granted those access rights. (0xc0000022)
[0219/174623.814:ERROR:exception_snapshot_win.cc(98)] thread ID 8316 not found in process
[0219/174623.988:ERROR:process_reader_win.cc(123)] NtOpenThread: {Access Denied} A process has requested access to an object, but has not been granted those access rights. (0xc0000022)
[0219/174623.989:ERROR:exception_snapshot_win.cc(98)] thread ID 10156 not found in process
[0219/174624.176:ERROR:process_reader_win.cc(123)] NtOpenThread: {Access Denied} A process has requested access to an object, but has not been granted those access rights. (0xc0000022)
[0219/174624.177:ERROR:exception_snapshot_win.cc(98)] thread ID 2844 not found in process
[0219/174624.333:ERROR:process_reader_win.cc(123)] NtOpenThread: {Access Denied} A process has requested access to an object, but has not been granted those access rights. (0xc0000022)
[0219/174624.333:ERROR:exception_snapshot_win.cc(98)] thread ID 9420 not found in process
[0219/174624.537:ERROR:process_reader_win.cc(123)] NtOpenThread: {Access Denied} A process has requested access to an object, but has not been granted those access rights. (0xc0000022)
[0219/174624.538:ERROR:exception_snapshot_win.cc(98)] thread ID 1400 not found in process
[0219/175043.418:ERROR:process_reader_win.cc(123)] NtOpenThread: {Access Denied} A process has requested access to an object, but has not been granted those access rights. (0xc0000022)
[0219/175043.419:ERROR:exception_snapshot_win.cc(98)] thread ID 2276 not found in process
[0219/175043.585:ERROR:process_reader_win.cc(123)] NtOpenThread: {Access Denied} A process has requested access to an object, but has not been granted those access rights. (0xc0000022)
[0219/175043.585:ERROR:exception_snapshot_win.cc(98)] thread ID 9556 not found in process
[0219/175043.799:ERROR:process_reader_win.cc(123)] NtOpenThread: {Access Denied} A process has requested access to an object, but has not been granted those access rights. (0xc0000022)
[0219/175043.799:ERROR:exception_snapshot_win.cc(98)] thread ID 8380 not found in process
[0219/175043.977:ERROR:process_reader_win.cc(123)] NtOpenThread: {Access Denied} A process has requested access to an object, but has not been granted those access rights. (0xc0000022)
[0219/175043.977:ERROR:exception_snapshot_win.cc(98)] thread ID 6372 not found in process
[0219/175044.151:ERROR:process_reader_win.cc(123)] NtOpenThread: {Access Denied} A process has requested access to an object, but has not been granted those access rights. (0xc0000022)
[0219/175044.151:ERROR:exception_snapshot_win.cc(98)] thread ID 10172 not found in process
[0219/175044.389:ERROR:process_reader_win.cc(123)] NtOpenThread: {Access Denied} A process has requested access to an object, but has not been granted those access rights. (0xc0000022)
[0219/175044.389:ERROR:exception_snapshot_win.cc(98)] thread ID 8936 not found in process
[0219/175231.514:ERROR:process_reader_win.cc(123)] NtOpenThread: {Access Denied} A process has requested access to an object, but has not been granted those access rights. (0xc0000022)
[0219/175231.514:ERROR:exception_snapshot_win.cc(98)] thread ID 9744 not found in process
[0219/175231.639:ERROR:process_reader_win.cc(123)] NtOpenThread: {Access Denied} A process has requested access to an object, but has not been granted those access rights. (0xc0000022)
[0219/175231.639:ERROR:exception_snapshot_win.cc(98)] thread ID 8048 not found in process
[0219/175231.781:ERROR:process_reader_win.cc(123)] NtOpenThread: {Access Denied} A process has requested access to an object, but has not been granted those access rights. (0xc0000022)
[0219/175231.781:ERROR:exception_snapshot_win.cc(98)] thread ID 7880 not found in process
[0219/175231.917:ERROR:process_reader_win.cc(123)] NtOpenThread: {Access Denied} A process has requested access to an object, but has not been granted those access rights. (0xc0000022)
[0219/175231.917:ERROR:exception_snapshot_win.cc(98)] thread ID 8648 not found in process
[0219/175232.050:ERROR:process_reader_win.cc(123)] NtOpenThread: {Access Denied} A process has requested access to an object, but has not been granted those access rights. (0xc0000022)
[0219/175232.051:ERROR:exception_snapshot_win.cc(98)] thread ID 9244 not found in process
[0219/175232.185:ERROR:process_reader_win.cc(123)] NtOpenThread: {Access Denied} A process has requested access to an object, but has not been granted those access rights. (0xc0000022)
[0219/175232.185:ERROR:exception_snapshot_win.cc(98)] thread ID 9864 not found in process
[0219/175232.401:ERROR:process_reader_win.cc(123)] NtOpenThread: {Access Denied} A process has requested access to an object, but has not been granted those access rights. (0xc0000022)
[0219/175232.401:ERROR:exception_snapshot_win.cc(98)] thread ID 8600 not found in process
[0219/175232.633:ERROR:process_reader_win.cc(123)] NtOpenThread: {Access Denied} A process has requested access to an object, but has not been granted those access rights. (0xc0000022)
[0219/175232.633:ERROR:exception_snapshot_win.cc(98)] thread ID 4852 not found in process
[0219/175232.835:ERROR:process_reader_win.cc(123)] NtOpenThread: {Access Denied} A process has requested access to an object, but has not been granted those access rights. (0xc0000022)
[0219/175232.835:ERROR:exception_snapshot_win.cc(98)] thread ID 9780 not found in process
[0219/180006.017:ERROR:process_reader_win.cc(123)] NtOpenThread: {Access Denied} A process has requested access to an object, but has not been granted those access rights. (0xc0000022)
[0219/180006.017:ERROR:exception_snapshot_win.cc(98)] thread ID 6160 not found in process
[0219/180006.201:ERROR:process_reader_win.cc(123)] NtOpenThread: {Access Denied} A process has requested access to an object, but has not been granted those access rights. (0xc0000022)
[0219/180006.201:ERROR:exception_snapshot_win.cc(98)] thread ID 9944 not found in process
[0219/180006.346:ERROR:process_reader_win.cc(123)] NtOpenThread: {Access Denied} A process has requested access to an object, but has not been granted those access rights. (0xc0000022)
[0219/180006.346:ERROR:exception_snapshot_win.cc(98)] thread ID 5088 not found in process
[0219/180006.486:ERROR:process_reader_win.cc(123)] NtOpenThread: {Access Denied} A process has requested access to an object, but has not been granted those access rights. (0xc0000022)
[0219/180006.486:ERROR:exception_snapshot_win.cc(98)] thread ID 10156 not found in process
[0219/180006.637:ERROR:process_reader_win.cc(123)] NtOpenThread: {Access Denied} A process has requested access to an object, but has not been granted those access rights. (0xc0000022)
[0219/180006.637:ERROR:exception_snapshot_win.cc(98)] thread ID 7712 not found in process
[0219/180006.767:ERROR:process_reader_win.cc(123)] NtOpenThread: {Access Denied} A process has requested access to an object, but has not been granted those access rights. (0xc0000022)
[0219/180006.768:ERROR:exception_snapshot_win.cc(98)] thread ID 8720 not found in process
[0219/180006.943:ERROR:process_reader_win.cc(123)] NtOpenThread: {Access Denied} A process has requested access to an object, but has not been granted those access rights. (0xc0000022)
[0219/180006.943:ERROR:exception_snapshot_win.cc(98)] thread ID 8312 not found in process
[0219/180007.128:ERROR:process_reader_win.cc(123)] NtOpenThread: {Access Denied} A process has requested access to an object, but has not been granted those access rights. (0xc0000022)
[0219/180007.128:ERROR:exception_snapshot_win.cc(98)] thread ID 4244 not found in process
[0219/180007.278:ERROR:process_reader_win.cc(123)] NtOpenThread: {Access Denied} A process has requested access to an object, but has not been granted those access rights. (0xc0000022)
[0219/180007.278:ERROR:exception_snapshot_win.cc(98)] thread ID 9900 not found in process
[0219/180007.435:ERROR:process_reader_win.cc(123)] NtOpenThread: {Access Denied} A process has requested access to an object, but has not been granted those access rights. (0xc0000022)
[0219/180007.435:ERROR:exception_snapshot_win.cc(98)] thread ID 6268 not found in process
[0219/180007.640:ERROR:process_reader_win.cc(123)] NtOpenThread: {Access Denied} A process has requested access to an object, but has not been granted those access rights. (0xc0000022)
[0219/180007.641:ERROR:exception_snapshot_win.cc(98)] thread ID 3160 not found in process
